<?xml version="1.0" encoding="UTF-8"?>
<testng-results skipped="0" failed="0" ignored="0" total="2" passed="2">
  <reporter-output>
  </reporter-output>
  <suite name="Default suite" duration-ms="101" started-at="2019-03-01T06:45:36Z" finished-at="2019-03-01T06:45:36Z">
    <groups>
    </groups>
    <test name="Default test" duration-ms="101" started-at="2019-03-01T06:45:36Z" finished-at="2019-03-01T06:45:36Z">
      <class name="sony12.sony1234">
        <test-method status="PASS" signature="login()[pri:0, instance:sony12.sony1234@34c75a]" name="login" is-config="true" duration-ms="39" started-at="2019-03-01T06:45:36Z" finished-at="2019-03-01T06:45:36Z">
          <reporter-output>
          </reporter-output>
        </test-method> <!-- login -->
        <test-method status="PASS" signature="method3()[pri:0, instance:sony12.sony1234@34c75a]" name="method3" duration-ms="17" started-at="2019-03-01T06:45:36Z" finished-at="2019-03-01T06:45:36Z">
          <reporter-output>
          </reporter-output>
        </test-method> <!-- method3 -->
        <test-method status="PASS" signature="method4()[pri:0, instance:sony12.sony1234@34c75a]" name="method4" duration-ms="2" started-at="2019-03-01T06:45:36Z" finished-at="2019-03-01T06:45:36Z">
          <reporter-output>
          </reporter-output>
        </test-method> <!-- method4 -->
        <test-method status="PASS" signature="logout()[pri:0, instance:sony12.sony1234@34c75a]" name="logout" is-config="true" duration-ms="1" started-at="2019-03-01T06:45:36Z" finished-at="2019-03-01T06:45:36Z">
          <reporter-output>
          </reporter-output>
        </test-method> <!-- logout -->
      </class> <!-- sony12.sony1234 -->
    </test> <!-- Default test -->
  </suite> <!-- Default suite -->
</testng-results>
